\BOOKMARK [1][-]{appendix.A}{\376\377\000a\000p\000p\000m\000\040\000l\000i\000s\000t\000i\000n\000g\000s}{}% 1
\BOOKMARK [2][-]{subsection.A.1}{\376\377\000S\000o\000u\000r\000c\000e\000\040\000l\000i\000s\000t\000i\000n\000g\000s}{appendix.A}% 2
\BOOKMARK [3][-]{subsubsection.A.1.1}{\376\377\000S\000o\000u\000r\000c\000e\000\040\000c\000o\000d\000e\000\040\000f\000o\000r\000\040\000/\000h\000a\000n\000d\000i\000n\000/\000a\000p\000p\000m\000/\000s\000r\000c\000/\000D\000e\000f\000s\000.\000h\000s}{subsection.A.1}% 3
\BOOKMARK [3][-]{subsubsection.A.1.2}{\376\377\000S\000o\000u\000r\000c\000e\000\040\000c\000o\000d\000e\000\040\000f\000o\000r\000\040\000/\000h\000a\000n\000d\000i\000n\000/\000a\000p\000p\000m\000/\000s\000r\000c\000/\000U\000t\000i\000l\000s\000.\000h\000s}{subsection.A.1}% 4
\BOOKMARK [3][-]{subsubsection.A.1.3}{\376\377\000S\000o\000u\000r\000c\000e\000\040\000c\000o\000d\000e\000\040\000f\000o\000r\000\040\000/\000h\000a\000n\000d\000i\000n\000/\000a\000p\000p\000m\000/\000s\000r\000c\000/\000P\000a\000r\000s\000e\000r\000I\000m\000p\000l\000.\000h\000s}{subsection.A.1}% 5
\BOOKMARK [3][-]{subsubsection.A.1.4}{\376\377\000S\000o\000u\000r\000c\000e\000\040\000c\000o\000d\000e\000\040\000f\000o\000r\000\040\000/\000h\000a\000n\000d\000i\000n\000/\000a\000p\000p\000m\000/\000s\000r\000c\000/\000P\000a\000r\000s\000e\000r\000.\000h\000s}{subsection.A.1}% 6
\BOOKMARK [3][-]{subsubsection.A.1.5}{\376\377\000S\000o\000u\000r\000c\000e\000\040\000c\000o\000d\000e\000\040\000f\000o\000r\000\040\000/\000h\000a\000n\000d\000i\000n\000/\000a\000p\000p\000m\000/\000s\000r\000c\000/\000S\000o\000l\000v\000e\000r\000I\000m\000p\000l\000.\000h\000s}{subsection.A.1}% 7
\BOOKMARK [3][-]{subsubsection.A.1.6}{\376\377\000S\000o\000u\000r\000c\000e\000\040\000c\000o\000d\000e\000\040\000f\000o\000r\000\040\000/\000h\000a\000n\000d\000i\000n\000/\000a\000p\000p\000m\000/\000s\000r\000c\000/\000S\000o\000l\000v\000e\000r\000.\000h\000s}{subsection.A.1}% 8
\BOOKMARK [3][-]{subsubsection.A.1.7}{\376\377\000S\000o\000u\000r\000c\000e\000\040\000c\000o\000d\000e\000\040\000f\000o\000r\000\040\000/\000h\000a\000n\000d\000i\000n\000/\000a\000p\000p\000m\000/\000s\000r\000c\000/\000M\000a\000i\000n\000.\000h\000s}{subsection.A.1}% 9
\BOOKMARK [2][-]{subsection.A.2}{\376\377\000B\000l\000a\000c\000k\000-\000b\000o\000x\000\040\000t\000e\000s\000t\000\040\000l\000i\000s\000t\000i\000n\000g\000s}{appendix.A}% 10
\BOOKMARK [3][-]{subsubsection.A.2.1}{\376\377\000S\000o\000u\000r\000c\000e\000\040\000c\000o\000d\000e\000\040\000f\000o\000r\000\040\000/\000h\000a\000n\000d\000i\000n\000/\000a\000p\000p\000m\000/\000t\000e\000s\000t\000s\000/\000B\000B\000/\000U\000t\000i\000l\000T\000e\000s\000t\000.\000h\000s}{subsection.A.2}% 11
\BOOKMARK [3][-]{subsubsection.A.2.2}{\376\377\000S\000o\000u\000r\000c\000e\000\040\000c\000o\000d\000e\000\040\000f\000o\000r\000\040\000/\000h\000a\000n\000d\000i\000n\000/\000a\000p\000p\000m\000/\000t\000e\000s\000t\000s\000/\000B\000B\000/\000P\000a\000r\000s\000e\000r\000T\000e\000s\000t\000.\000h\000s}{subsection.A.2}% 12
\BOOKMARK [3][-]{subsubsection.A.2.3}{\376\377\000S\000o\000u\000r\000c\000e\000\040\000c\000o\000d\000e\000\040\000f\000o\000r\000\040\000/\000h\000a\000n\000d\000i\000n\000/\000a\000p\000p\000m\000/\000t\000e\000s\000t\000s\000/\000B\000B\000/\000S\000o\000l\000v\000e\000r\000T\000e\000s\000t\000.\000h\000s}{subsection.A.2}% 13
\BOOKMARK [3][-]{subsubsection.A.2.4}{\376\377\000S\000o\000u\000r\000c\000e\000\040\000c\000o\000d\000e\000\040\000f\000o\000r\000\040\000/\000h\000a\000n\000d\000i\000n\000/\000a\000p\000p\000m\000/\000t\000e\000s\000t\000s\000/\000B\000B\000/\000M\000a\000i\000n\000.\000h\000s}{subsection.A.2}% 14
\BOOKMARK [2][-]{subsection.A.3}{\376\377\000Q\000u\000i\000c\000k\000C\000h\000e\000c\000k\000\040\000l\000i\000s\000t\000i\000n\000g\000s}{appendix.A}% 15
\BOOKMARK [3][-]{subsubsection.A.3.1}{\376\377\000S\000o\000u\000r\000c\000e\000\040\000c\000o\000d\000e\000\040\000f\000o\000r\000\040\000/\000h\000a\000n\000d\000i\000n\000/\000a\000p\000p\000m\000/\000t\000e\000s\000t\000s\000/\000Q\000C\000/\000G\000e\000n\000.\000h\000s}{subsection.A.3}% 16
\BOOKMARK [3][-]{subsubsection.A.3.2}{\376\377\000S\000o\000u\000r\000c\000e\000\040\000c\000o\000d\000e\000\040\000f\000o\000r\000\040\000/\000h\000a\000n\000d\000i\000n\000/\000a\000p\000p\000m\000/\000t\000e\000s\000t\000s\000/\000Q\000C\000/\000P\000r\000o\000p\000e\000r\000t\000i\000e\000s\000.\000h\000s}{subsection.A.3}% 17
\BOOKMARK [3][-]{subsubsection.A.3.3}{\376\377\000S\000o\000u\000r\000c\000e\000\040\000c\000o\000d\000e\000\040\000f\000o\000r\000\040\000/\000h\000a\000n\000d\000i\000n\000/\000a\000p\000p\000m\000/\000t\000e\000s\000t\000s\000/\000Q\000C\000/\000M\000a\000i\000n\000.\000h\000s}{subsection.A.3}% 18
\BOOKMARK [2][-]{subsection.A.4}{\376\377\000O\000t\000h\000e\000r}{appendix.A}% 19
\BOOKMARK [3][-]{subsubsection.A.4.1}{\376\377\000A\000u\000t\000o\000m\000a\000t\000i\000c\000a\000l\000l\000y\000\040\000g\000e\000n\000e\000r\000a\000t\000e\000d\000\040\000d\000a\000t\000a\000b\000a\000s\000e}{subsection.A.4}% 20
\BOOKMARK [1][-]{appendix.B}{\376\377\000R\000a\000v\000n\000i\000c\000a\000\040\000l\000i\000s\000t\000i\000n\000g\000s}{}% 21
\BOOKMARK [2][-]{subsection.B.1}{\376\377\000S\000o\000u\000r\000c\000e\000\040\000l\000i\000s\000t\000i\000n\000g\000s}{appendix.B}% 22
\BOOKMARK [3][-]{subsubsection.B.1.1}{\376\377\000S\000o\000u\000r\000c\000e\000\040\000c\000o\000d\000e\000\040\000f\000o\000r\000\040\000/\000h\000a\000n\000d\000i\000n\000/\000r\000a\000v\000n\000i\000c\000a\000/\000d\000i\000s\000t\000r\000i\000c\000t\000.\000e\000r\000l}{subsection.B.1}% 23
\BOOKMARK [3][-]{subsubsection.B.1.2}{\376\377\000S\000o\000u\000r\000c\000e\000\040\000c\000o\000d\000e\000\040\000f\000o\000r\000\040\000/\000h\000a\000n\000d\000i\000n\000/\000r\000a\000v\000n\000i\000c\000a\000/\000t\000h\000e\000\137\000d\000i\000a\000m\000o\000n\000d\000\137\000p\000a\000t\000h\000.\000e\000r\000l}{subsection.B.1}% 24
\BOOKMARK [3][-]{subsubsection.B.1.3}{\376\377\000S\000o\000u\000r\000c\000e\000\040\000c\000o\000d\000e\000\040\000f\000o\000r\000\040\000/\000h\000a\000n\000d\000i\000n\000/\000r\000a\000v\000n\000i\000c\000a\000/\000a\000\137\000d\000a\000y\000\137\000a\000t\000\137\000d\000i\000k\000u\000.\000e\000r\000l}{subsection.B.1}% 25
\BOOKMARK [2][-]{subsection.B.2}{\376\377\000Q\000u\000i\000c\000k\000C\000h\000e\000c\000k\000\040\000l\000i\000s\000t\000i\000n\000g\000s}{appendix.B}% 26
\BOOKMARK [3][-]{subsubsection.B.2.1}{\376\377\000S\000o\000u\000r\000c\000e\000\040\000c\000o\000d\000e\000\040\000f\000o\000r\000\040\000/\000h\000a\000n\000d\000i\000n\000/\000r\000a\000v\000n\000i\000c\000a\000/\000d\000i\000s\000t\000r\000i\000c\000t\000\137\000q\000c\000.\000e\000r\000l}{subsection.B.2}% 27
\BOOKMARK [2][-]{subsection.B.3}{\376\377\000O\000t\000h\000e\000r}{appendix.B}% 28
\BOOKMARK [3][-]{subsubsection.B.3.1}{\376\377\000A\000u\000t\000o\000m\000a\000t\000i\000c\000a\000l\000l\000y\000\040\000g\000e\000n\000e\000r\000a\000t\000e\000d\000\040\000t\000e\000r\000r\000i\000t\000o\000r\000y}{subsection.B.3}% 29
